<?xml version="1.0" encoding="UTF-8"?>
<!-- Generated by org.testng.reporters.JUnitReportReporter -->
<testsuite hostname="DESK-1989" name="googleinshght.Sample" tests="1" failures="0" timestamp="18 Jul 2017 12:45:33 GMT" time="0.517" errors="0">
  <testcase name="add1" time="0.517" classname="googleinshght.Sample"/>
</testsuite> <!-- googleinshght.Sample -->
