<?xml version="1.0" encoding="UTF-8"?>
<!-- Generated by org.testng.reporters.JUnitReportReporter -->
<testsuite hostname="AIO-2107" name="ingishts.Sap" tests="1" failures="0" timestamp="11 May 2017 09:00:05 GMT" time="0.020" errors="0">
  <testcase name="add" time="0.020" classname="ingishts.Sap"/>
</testsuite> <!-- ingishts.Sap -->
