<?xml version="1.0" encoding="UTF-8"?>
<!-- Generated by org.testng.reporters.JUnitReportReporter -->
<testsuite hostname="DESK-1989" name="googleinshght.Testing" tests="1" failures="0" timestamp="27 Jun 2017 05:16:26 GMT" time="0.007" errors="0">
  <testcase name="add" time="0.007" classname="googleinshght.Testing"/>
</testsuite> <!-- googleinshght.Testing -->
