<?xml version="1.0" encoding="UTF-8"?>
<!-- Generated by org.testng.reporters.JUnitReportReporter -->
<testsuite hostname="DESK-1989" name="ingishts.Sanity" tests="1" failures="0" timestamp="14 Jun 2017 05:20:25 GMT" time="0.008" errors="0">
  <testcase name="insight" time="0.008" classname="ingishts.Sanity"/>
</testsuite> <!-- ingishts.Sanity -->
