<?xml version="1.0" encoding="UTF-8"?>
<!-- Generated by org.testng.reporters.JUnitReportReporter -->
<testsuite hostname="DESK-1989" name="googleinshght.GoogleInsight" tests="1" failures="0" timestamp="30 Jun 2017 08:32:36 GMT" time="12442.003" errors="0">
  <testcase name="readdata" time="12442.003" classname="googleinshght.GoogleInsight"/>
</testsuite> <!-- googleinshght.GoogleInsight -->
